<?xml version="1.0" encoding="UTF-8"?>
<testng-results skipped="0" failed="0" ignored="0" total="3" passed="3">
  <reporter-output>
  </reporter-output>
  <suite name="Default suite" duration-ms="202" started-at="2020-03-09T09:45:52 IST" finished-at="2020-03-09T09:45:52 IST">
    <groups>
    </groups>
    <test name="Default test" duration-ms="202" started-at="2020-03-09T09:45:52 IST" finished-at="2020-03-09T09:45:52 IST">
      <class name="TestNG.TestNg">
        <test-method status="PASS" signature="Amazon()[pri:1, instance:TestNG.TestNg@78c03f1f]" name="Amazon" duration-ms="29" started-at="2020-03-09T09:45:52 IST" finished-at="2020-03-09T09:45:52 IST">
          <reporter-output>
          </reporter-output>
        </test-method> <!-- Amazon -->
        <test-method status="PASS" signature="Purchase()[pri:2, instance:TestNG.TestNg@78c03f1f]" name="Purchase" duration-ms="10" started-at="2020-03-09T09:45:52 IST" depends-on-methods="TestNG.TestNg.Amazon" finished-at="2020-03-09T09:45:52 IST">
          <reporter-output>
          </reporter-output>
        </test-method> <!-- Purchase -->
        <test-method status="PASS" signature="Card_ADD()[pri:3, instance:TestNG.TestNg@78c03f1f]" name="Card_ADD" duration-ms="13" started-at="2020-03-09T09:45:52 IST" depends-on-methods="TestNG.TestNg.Purchase" finished-at="2020-03-09T09:45:52 IST">
          <reporter-output>
          </reporter-output>
        </test-method> <!-- Card_ADD -->
      </class> <!-- TestNG.TestNg -->
    </test> <!-- Default test -->
  </suite> <!-- Default suite -->
</testng-results>
